<?xml version="1.0" encoding="UTF-8"?>
<testng-results total="1" passed="1" failed="0" skipped="0">
  <reporter-output>
  </reporter-output>
  <suite started-at="2022-05-09T15:04:33Z" name="Default suite" finished-at="2022-05-09T15:05:02Z" duration-ms="29415">
    <groups>
    </groups>
    <test started-at="2022-05-09T15:04:33Z" name="Default test" finished-at="2022-05-09T15:05:02Z" duration-ms="29415">
      <class name="registerationandlogintests.RunApkApp">
        <test-method is-config="true" signature="openApp()[pri:0, instance:registerationandlogintests.RunApkApp@606e4010]" started-at="2022-05-09T17:04:33Z" name="openApp" finished-at="2022-05-09T17:04:55Z" duration-ms="22160" status="PASS">
          <reporter-output>
          </reporter-output>
        </test-method> <!-- openApp -->
        <test-method signature="userCanRegister()[pri:0, instance:registerationandlogintests.RunApkApp@606e4010]" started-at="2022-05-09T17:04:55Z" name="userCanRegister" finished-at="2022-05-09T17:05:00Z" duration-ms="4626" status="PASS">
          <reporter-output>
          </reporter-output>
        </test-method> <!-- userCanRegister -->
        <test-method is-config="true" signature="closeApp()[pri:0, instance:registerationandlogintests.RunApkApp@606e4010]" started-at="2022-05-09T17:05:00Z" name="closeApp" finished-at="2022-05-09T17:05:02Z" duration-ms="2606" status="PASS">
          <reporter-output>
          </reporter-output>
        </test-method> <!-- closeApp -->
      </class> <!-- registerationandlogintests.RunApkApp -->
    </test> <!-- Default test -->
  </suite> <!-- Default suite -->
</testng-results>
