<?xml version="1.0" encoding="UTF-8"?>
<testng-results total="1" passed="1" failed="0" skipped="0">
  <reporter-output>
  </reporter-output>
  <suite started-at="2022-05-10T08:20:16Z" name="Default suite" finished-at="2022-05-10T08:20:24Z" duration-ms="7704">
    <groups>
    </groups>
    <test started-at="2022-05-10T08:20:16Z" name="Default test" finished-at="2022-05-10T08:20:24Z" duration-ms="7704">
      <class name="registerationandlogintests.TestClass">
        <test-method is-config="true" signature="openApp()[pri:0, instance:registerationandlogintests.TestClass@48075da3]" started-at="2022-05-10T10:19:34Z" name="openApp" finished-at="2022-05-10T10:20:16Z" duration-ms="41843" status="PASS">
          <reporter-output>
          </reporter-output>
        </test-method> <!-- openApp -->
        <test-method signature="checkSearch()[pri:0, instance:registerationandlogintests.TestClass@48075da3]" started-at="2022-05-10T10:20:16Z" name="checkSearch" finished-at="2022-05-10T10:20:24Z" duration-ms="7628" status="PASS">
          <reporter-output>
          </reporter-output>
        </test-method> <!-- checkSearch -->
        <test-method is-config="true" signature="closeApp()[pri:0, instance:registerationandlogintests.TestClass@48075da3]" started-at="2022-05-10T10:20:24Z" name="closeApp" finished-at="2022-05-10T10:20:28Z" duration-ms="3885" status="PASS">
          <reporter-output>
          </reporter-output>
        </test-method> <!-- closeApp -->
      </class> <!-- registerationandlogintests.TestClass -->
    </test> <!-- Default test -->
  </suite> <!-- Default suite -->
</testng-results>
